{"C:\\Users\\visva\\OneDrive\\Desktop\\Book_Store\\app.js": {"path":"C:\\Users\\visva\\OneDrive\\Desktop\\Book_Store\\app.js","statementMap":{"0":{"start":{"line":1,"column":16},"end":{"line":1,"column":34}},"1":{"start":{"line":2,"column":19},"end":{"line":2,"column":41}},"2":{"start":{"line":3,"column":15},"end":{"line":3,"column":32}},"3":{"start":{"line":4,"column":19},"end":{"line":4,"column":48}},"4":{"start":{"line":6,"column":0},"end":{"line":6,"column":16}},"5":{"start":{"line":8,"column":12},"end":{"line":8,"column":21}},"6":{"start":{"line":9,"column":0},"end":{"line":9,"column":27}},"7":{"start":{"line":10,"column":0},"end":{"line":10,"column":20}},"8":{"start":{"line":12,"column":13},"end":{"line":12,"column":17}},"9":{"start":{"line":13,"column":0},"end":{"line":15,"column":3}},"10":{"start":{"line":14,"column":2},"end":{"line":14,"column":48}},"11":{"start":{"line":18,"column":0},"end":{"line":18,"column":19}}},"fnMap":{"0":{"name":"(anonymous_0)","decl":{"start":{"line":13,"column":17},"end":{"line":13,"column":18}},"loc":{"start":{"line":13,"column":23},"end":{"line":15,"column":1}},"line":13}},"branchMap":{},"s":{"0":1,"1":1,"2":1,"3":1,"4":1,"5":1,"6":1,"7":1,"8":1,"9":1,"10":1,"11":1},"f":{"0":1},"b":{},"_coverageSchema":"1a1c01bbd47fc00a2c39e90264f33305004495a9","hash":"5a9b8f98b0d394c1a07d8a48a557cc792141c0c4"}
,"C:\\Users\\visva\\OneDrive\\Desktop\\Book_Store\\db.js": {"path":"C:\\Users\\visva\\OneDrive\\Desktop\\Book_Store\\db.js","statementMap":{"0":{"start":{"line":1,"column":14},"end":{"line":1,"column":31}},"1":{"start":{"line":2,"column":15},"end":{"line":2,"column":32}},"2":{"start":{"line":3,"column":0},"end":{"line":3,"column":16}},"3":{"start":{"line":5,"column":13},"end":{"line":10,"column":2}},"4":{"start":{"line":12,"column":0},"end":{"line":12,"column":22}}},"fnMap":{},"branchMap":{},"s":{"0":1,"1":1,"2":1,"3":1,"4":1},"f":{},"b":{},"_coverageSchema":"1a1c01bbd47fc00a2c39e90264f33305004495a9","hash":"836dbaf413083c74368a65254e74306483bab8cc"}
,"C:\\Users\\visva\\OneDrive\\Desktop\\Book_Store\\controller\\BookController.js": {"path":"C:\\Users\\visva\\OneDrive\\Desktop\\Book_Store\\controller\\BookController.js","statementMap":{"0":{"start":{"line":1,"column":13},"end":{"line":1,"column":43}},"1":{"start":{"line":10,"column":0},"end":{"line":17,"column":2}},"2":{"start":{"line":11,"column":2},"end":{"line":16,"column":5}},"3":{"start":{"line":12,"column":4},"end":{"line":14,"column":5}},"4":{"start":{"line":13,"column":6},"end":{"line":13,"column":58}},"5":{"start":{"line":15,"column":4},"end":{"line":15,"column":34}},"6":{"start":{"line":26,"column":0},"end":{"line":37,"column":2}},"7":{"start":{"line":27,"column":13},"end":{"line":27,"column":26}},"8":{"start":{"line":28,"column":2},"end":{"line":36,"column":5}},"9":{"start":{"line":29,"column":4},"end":{"line":31,"column":5}},"10":{"start":{"line":30,"column":6},"end":{"line":30,"column":58}},"11":{"start":{"line":32,"column":4},"end":{"line":34,"column":5}},"12":{"start":{"line":33,"column":6},"end":{"line":33,"column":63}},"13":{"start":{"line":35,"column":4},"end":{"line":35,"column":37}},"14":{"start":{"line":46,"column":0},"end":{"line":60,"column":2}},"15":{"start":{"line":47,"column":2},"end":{"line":59,"column":3}},"16":{"start":{"line":48,"column":17},"end":{"line":48,"column":25}},"17":{"start":{"line":49,"column":4},"end":{"line":51,"column":5}},"18":{"start":{"line":50,"column":6},"end":{"line":50,"column":72}},"19":{"start":{"line":53,"column":4},"end":{"line":56,"column":7}},"20":{"start":{"line":54,"column":6},"end":{"line":54,"column":67}},"21":{"start":{"line":54,"column":15},"end":{"line":54,"column":67}},"22":{"start":{"line":55,"column":6},"end":{"line":55,"column":68}},"23":{"start":{"line":58,"column":4},"end":{"line":58,"column":56}},"24":{"start":{"line":69,"column":0},"end":{"line":88,"column":2}},"25":{"start":{"line":70,"column":13},"end":{"line":70,"column":26}},"26":{"start":{"line":71,"column":15},"end":{"line":71,"column":23}},"27":{"start":{"line":73,"column":2},"end":{"line":87,"column":5}},"28":{"start":{"line":74,"column":4},"end":{"line":76,"column":5}},"29":{"start":{"line":75,"column":6},"end":{"line":75,"column":58}},"30":{"start":{"line":77,"column":4},"end":{"line":79,"column":5}},"31":{"start":{"line":78,"column":6},"end":{"line":78,"column":63}},"32":{"start":{"line":81,"column":4},"end":{"line":86,"column":7}},"33":{"start":{"line":82,"column":6},"end":{"line":84,"column":7}},"34":{"start":{"line":83,"column":8},"end":{"line":83,"column":60}},"35":{"start":{"line":85,"column":6},"end":{"line":85,"column":69}},"36":{"start":{"line":97,"column":0},"end":{"line":115,"column":2}},"37":{"start":{"line":98,"column":13},"end":{"line":98,"column":26}},"38":{"start":{"line":100,"column":2},"end":{"line":114,"column":5}},"39":{"start":{"line":101,"column":4},"end":{"line":103,"column":5}},"40":{"start":{"line":102,"column":6},"end":{"line":102,"column":58}},"41":{"start":{"line":104,"column":4},"end":{"line":106,"column":5}},"42":{"start":{"line":105,"column":6},"end":{"line":105,"column":63}},"43":{"start":{"line":108,"column":4},"end":{"line":113,"column":7}},"44":{"start":{"line":109,"column":6},"end":{"line":111,"column":7}},"45":{"start":{"line":110,"column":8},"end":{"line":110,"column":60}},"46":{"start":{"line":112,"column":6},"end":{"line":112,"column":69}}},"fnMap":{"0":{"name":"(anonymous_0)","decl":{"start":{"line":10,"column":22},"end":{"line":10,"column":23}},"loc":{"start":{"line":10,"column":36},"end":{"line":17,"column":1}},"line":10},"1":{"name":"(anonymous_1)","decl":{"start":{"line":11,"column":14},"end":{"line":11,"column":15}},"loc":{"start":{"line":11,"column":32},"end":{"line":16,"column":3}},"line":11},"2":{"name":"(anonymous_2)","decl":{"start":{"line":26,"column":22},"end":{"line":26,"column":23}},"loc":{"start":{"line":26,"column":36},"end":{"line":37,"column":1}},"line":26},"3":{"name":"(anonymous_3)","decl":{"start":{"line":28,"column":19},"end":{"line":28,"column":20}},"loc":{"start":{"line":28,"column":37},"end":{"line":36,"column":3}},"line":28},"4":{"name":"(anonymous_4)","decl":{"start":{"line":46,"column":21},"end":{"line":46,"column":22}},"loc":{"start":{"line":46,"column":35},"end":{"line":60,"column":1}},"line":46},"5":{"name":"(anonymous_5)","decl":{"start":{"line":53,"column":22},"end":{"line":53,"column":23}},"loc":{"start":{"line":53,"column":39},"end":{"line":56,"column":5}},"line":53},"6":{"name":"(anonymous_6)","decl":{"start":{"line":69,"column":21},"end":{"line":69,"column":22}},"loc":{"start":{"line":69,"column":35},"end":{"line":88,"column":1}},"line":69},"7":{"name":"(anonymous_7)","decl":{"start":{"line":73,"column":19},"end":{"line":73,"column":20}},"loc":{"start":{"line":73,"column":37},"end":{"line":87,"column":3}},"line":73},"8":{"name":"(anonymous_8)","decl":{"start":{"line":81,"column":26},"end":{"line":81,"column":27}},"loc":{"start":{"line":81,"column":35},"end":{"line":86,"column":5}},"line":81},"9":{"name":"(anonymous_9)","decl":{"start":{"line":97,"column":21},"end":{"line":97,"column":22}},"loc":{"start":{"line":97,"column":35},"end":{"line":115,"column":1}},"line":97},"10":{"name":"(anonymous_10)","decl":{"start":{"line":100,"column":19},"end":{"line":100,"column":20}},"loc":{"start":{"line":100,"column":37},"end":{"line":114,"column":3}},"line":100},"11":{"name":"(anonymous_11)","decl":{"start":{"line":108,"column":20},"end":{"line":108,"column":21}},"loc":{"start":{"line":108,"column":29},"end":{"line":113,"column":5}},"line":108}},"branchMap":{"0":{"loc":{"start":{"line":12,"column":4},"end":{"line":14,"column":5}},"type":"if","locations":[{"start":{"line":12,"column":4},"end":{"line":14,"column":5}},{"start":{},"end":{}}],"line":12},"1":{"loc":{"start":{"line":29,"column":4},"end":{"line":31,"column":5}},"type":"if","locations":[{"start":{"line":29,"column":4},"end":{"line":31,"column":5}},{"start":{},"end":{}}],"line":29},"2":{"loc":{"start":{"line":32,"column":4},"end":{"line":34,"column":5}},"type":"if","locations":[{"start":{"line":32,"column":4},"end":{"line":34,"column":5}},{"start":{},"end":{}}],"line":32},"3":{"loc":{"start":{"line":49,"column":4},"end":{"line":51,"column":5}},"type":"if","locations":[{"start":{"line":49,"column":4},"end":{"line":51,"column":5}},{"start":{},"end":{}}],"line":49},"4":{"loc":{"start":{"line":49,"column":8},"end":{"line":49,"column":42}},"type":"binary-expr","locations":[{"start":{"line":49,"column":8},"end":{"line":49,"column":19}},{"start":{"line":49,"column":23},"end":{"line":49,"column":42}}],"line":49},"5":{"loc":{"start":{"line":54,"column":6},"end":{"line":54,"column":67}},"type":"if","locations":[{"start":{"line":54,"column":6},"end":{"line":54,"column":67}},{"start":{},"end":{}}],"line":54},"6":{"loc":{"start":{"line":74,"column":4},"end":{"line":76,"column":5}},"type":"if","locations":[{"start":{"line":74,"column":4},"end":{"line":76,"column":5}},{"start":{},"end":{}}],"line":74},"7":{"loc":{"start":{"line":77,"column":4},"end":{"line":79,"column":5}},"type":"if","locations":[{"start":{"line":77,"column":4},"end":{"line":79,"column":5}},{"start":{},"end":{}}],"line":77},"8":{"loc":{"start":{"line":82,"column":6},"end":{"line":84,"column":7}},"type":"if","locations":[{"start":{"line":82,"column":6},"end":{"line":84,"column":7}},{"start":{},"end":{}}],"line":82},"9":{"loc":{"start":{"line":101,"column":4},"end":{"line":103,"column":5}},"type":"if","locations":[{"start":{"line":101,"column":4},"end":{"line":103,"column":5}},{"start":{},"end":{}}],"line":101},"10":{"loc":{"start":{"line":104,"column":4},"end":{"line":106,"column":5}},"type":"if","locations":[{"start":{"line":104,"column":4},"end":{"line":106,"column":5}},{"start":{},"end":{}}],"line":104},"11":{"loc":{"start":{"line":109,"column":6},"end":{"line":111,"column":7}},"type":"if","locations":[{"start":{"line":109,"column":6},"end":{"line":111,"column":7}},{"start":{},"end":{}}],"line":109}},"s":{"0":1,"1":1,"2":1,"3":1,"4":0,"5":1,"6":1,"7":2,"8":2,"9":2,"10":0,"11":2,"12":1,"13":1,"14":1,"15":2,"16":2,"17":2,"18":1,"19":1,"20":1,"21":0,"22":1,"23":0,"24":1,"25":2,"26":2,"27":2,"28":2,"29":0,"30":2,"31":1,"32":1,"33":1,"34":0,"35":1,"36":1,"37":1,"38":1,"39":1,"40":0,"41":1,"42":0,"43":1,"44":1,"45":0,"46":1},"f":{"0":1,"1":1,"2":2,"3":2,"4":2,"5":1,"6":2,"7":2,"8":1,"9":1,"10":1,"11":1},"b":{"0":[0,1],"1":[0,2],"2":[1,1],"3":[1,1],"4":[2,1],"5":[0,1],"6":[0,2],"7":[1,1],"8":[0,1],"9":[0,1],"10":[0,1],"11":[0,1]},"_coverageSchema":"1a1c01bbd47fc00a2c39e90264f33305004495a9","hash":"01daa45b28ddd520a0751875ed2bd0c9f501f70a"}
,"C:\\Users\\visva\\OneDrive\\Desktop\\Book_Store\\models\\BookModel.js": {"path":"C:\\Users\\visva\\OneDrive\\Desktop\\Book_Store\\models\\BookModel.js","statementMap":{"0":{"start":{"line":1,"column":11},"end":{"line":1,"column":27}},"1":{"start":{"line":3,"column":13},"end":{"line":28,"column":1}},"2":{"start":{"line":6,"column":4},"end":{"line":6,"column":46}},"3":{"start":{"line":11,"column":4},"end":{"line":11,"column":65}},"4":{"start":{"line":16,"column":4},"end":{"line":16,"column":56}},"5":{"start":{"line":21,"column":4},"end":{"line":21,"column":70}},"6":{"start":{"line":26,"column":4},"end":{"line":26,"column":63}},"7":{"start":{"line":30,"column":0},"end":{"line":30,"column":22}}},"fnMap":{"0":{"name":"(anonymous_0)","decl":{"start":{"line":5,"column":10},"end":{"line":5,"column":11}},"loc":{"start":{"line":5,"column":24},"end":{"line":7,"column":3}},"line":5},"1":{"name":"(anonymous_1)","decl":{"start":{"line":10,"column":11},"end":{"line":10,"column":12}},"loc":{"start":{"line":10,"column":29},"end":{"line":12,"column":3}},"line":10},"2":{"name":"(anonymous_2)","decl":{"start":{"line":15,"column":10},"end":{"line":15,"column":11}},"loc":{"start":{"line":15,"column":30},"end":{"line":17,"column":3}},"line":15},"3":{"name":"(anonymous_3)","decl":{"start":{"line":20,"column":10},"end":{"line":20,"column":11}},"loc":{"start":{"line":20,"column":34},"end":{"line":22,"column":3}},"line":20},"4":{"name":"(anonymous_4)","decl":{"start":{"line":25,"column":10},"end":{"line":25,"column":11}},"loc":{"start":{"line":25,"column":28},"end":{"line":27,"column":3}},"line":25}},"branchMap":{},"s":{"0":1,"1":1,"2":1,"3":5,"4":1,"5":1,"6":1,"7":1},"f":{"0":1,"1":5,"2":1,"3":1,"4":1},"b":{},"_coverageSchema":"1a1c01bbd47fc00a2c39e90264f33305004495a9","hash":"9262313dca5b13dd821b06b19279091f91675f0f"}
,"C:\\Users\\visva\\OneDrive\\Desktop\\Book_Store\\routes\\BookRoute.js": {"path":"C:\\Users\\visva\\OneDrive\\Desktop\\Book_Store\\routes\\BookRoute.js","statementMap":{"0":{"start":{"line":1,"column":16},"end":{"line":1,"column":34}},"1":{"start":{"line":2,"column":15},"end":{"line":2,"column":31}},"2":{"start":{"line":3,"column":23},"end":{"line":3,"column":62}},"3":{"start":{"line":10,"column":0},"end":{"line":10,"column":50}},"4":{"start":{"line":17,"column":0},"end":{"line":17,"column":53}},"5":{"start":{"line":24,"column":0},"end":{"line":24,"column":48}},"6":{"start":{"line":31,"column":0},"end":{"line":31,"column":57}},"7":{"start":{"line":38,"column":0},"end":{"line":38,"column":56}},"8":{"start":{"line":40,"column":0},"end":{"line":40,"column":24}}},"fnMap":{},"branchMap":{},"s":{"0":1,"1":1,"2":1,"3":1,"4":1,"5":1,"6":1,"7":1,"8":1},"f":{},"b":{},"_coverageSchema":"1a1c01bbd47fc00a2c39e90264f33305004495a9","hash":"8a1fbf3959c09b474554c67d674982143f5f6194"}
}
