TN:
SF:app.js
FN:13,(anonymous_0)
FNF:1
FNH:1
FNDA:1,(anonymous_0)
DA:1,1
DA:2,1
DA:3,1
DA:4,1
DA:6,1
DA:8,1
DA:9,1
DA:10,1
DA:12,1
DA:13,1
DA:14,1
DA:18,1
LF:12
LH:12
BRF:0
BRH:0
end_of_record
TN:
SF:db.js
FNF:0
FNH:0
DA:1,1
DA:2,1
DA:3,1
DA:5,1
DA:12,1
LF:5
LH:5
BRF:0
BRH:0
end_of_record
TN:
SF:controller\BookController.js
FN:10,(anonymous_0)
FN:11,(anonymous_1)
FN:26,(anonymous_2)
FN:28,(anonymous_3)
FN:46,(anonymous_4)
FN:53,(anonymous_5)
FN:69,(anonymous_6)
FN:73,(anonymous_7)
FN:81,(anonymous_8)
FN:97,(anonymous_9)
FN:100,(anonymous_10)
FN:108,(anonymous_11)
FNF:12
FNH:12
FNDA:1,(anonymous_0)
FNDA:1,(anonymous_1)
FNDA:2,(anonymous_2)
FNDA:2,(anonymous_3)
FNDA:2,(anonymous_4)
FNDA:1,(anonymous_5)
FNDA:2,(anonymous_6)
FNDA:2,(anonymous_7)
FNDA:1,(anonymous_8)
FNDA:1,(anonymous_9)
FNDA:1,(anonymous_10)
FNDA:1,(anonymous_11)
DA:1,1
DA:10,1
DA:11,1
DA:12,1
DA:13,0
DA:15,1
DA:26,1
DA:27,2
DA:28,2
DA:29,2
DA:30,0
DA:32,2
DA:33,1
DA:35,1
DA:46,1
DA:47,2
DA:48,2
DA:49,2
DA:50,1
DA:53,1
DA:54,1
DA:55,1
DA:58,0
DA:69,1
DA:70,2
DA:71,2
DA:73,2
DA:74,2
DA:75,0
DA:77,2
DA:78,1
DA:81,1
DA:82,1
DA:83,0
DA:85,1
DA:97,1
DA:98,1
DA:100,1
DA:101,1
DA:102,0
DA:104,1
DA:105,0
DA:108,1
DA:109,1
DA:110,0
DA:112,1
LF:46
LH:38
BRDA:12,0,0,0
BRDA:12,0,1,1
BRDA:29,1,0,0
BRDA:29,1,1,2
BRDA:32,2,0,1
BRDA:32,2,1,1
BRDA:49,3,0,1
BRDA:49,3,1,1
BRDA:49,4,0,2
BRDA:49,4,1,1
BRDA:54,5,0,0
BRDA:54,5,1,1
BRDA:74,6,0,0
BRDA:74,6,1,2
BRDA:77,7,0,1
BRDA:77,7,1,1
BRDA:82,8,0,0
BRDA:82,8,1,1
BRDA:101,9,0,0
BRDA:101,9,1,1
BRDA:104,10,0,0
BRDA:104,10,1,1
BRDA:109,11,0,0
BRDA:109,11,1,1
BRF:24
BRH:16
end_of_record
TN:
SF:models\BookModel.js
FN:5,(anonymous_0)
FN:10,(anonymous_1)
FN:15,(anonymous_2)
FN:20,(anonymous_3)
FN:25,(anonymous_4)
FNF:5
FNH:5
FNDA:1,(anonymous_0)
FNDA:5,(anonymous_1)
FNDA:1,(anonymous_2)
FNDA:1,(anonymous_3)
FNDA:1,(anonymous_4)
DA:1,1
DA:3,1
DA:6,1
DA:11,5
DA:16,1
DA:21,1
DA:26,1
DA:30,1
LF:8
LH:8
BRF:0
BRH:0
end_of_record
TN:
SF:routes\BookRoute.js
FNF:0
FNH:0
DA:1,1
DA:2,1
DA:3,1
DA:10,1
DA:17,1
DA:24,1
DA:31,1
DA:38,1
DA:40,1
LF:9
LH:9
BRF:0
BRH:0
end_of_record
